123
/media/SSD/music/spotify/datawave/Airglow - Cepheid Disk.mp3
/media/SSD/music/spotify/datawave/Airglow - Cepheid Disk.mp3
/media/SSD/music/spotify/datawave/Airglow - Cepheid Disk.mp3
/media/SSD/music/spotify/datawave/Airglow - Cepheid Disk.mp3
/media/SSD/music/spotify/datawave/Airglow - Cepheid Disk.mp3
/media/SSD/music/spotify/datawave/Airglow - Cepheid Disk.mp3
/media/SSD/music/spotify/datawave/Airglow - Cepheid Disk.mp3
/media/SSD/music/spotify/datawave/Airglow - Far Apart.mp3
/media/SSD/music/spotify/datawave/Airglow - Far Apart.mp3
/media/SSD/music/spotify/datawave/Airglow - Far Apart.mp3
/media/SSD/music/spotify/datawave/Airglow - Far Apart.mp3
/media/SSD/music/spotify/datawave/Airglow - Far Apart.mp3
/media/SSD/music/spotify/datawave/Airglow - Far Apart.mp3
/media/SSD/music/spotify/datawave/Airglow - Far Apart.mp3
/media/SSD/music/spotify/datawave/Baldocaster - Riders.mp3
/media/SSD/music/spotify/datawave/Baldocaster - Riders.mp3
/media/SSD/music/spotify/datawave/Baldocaster - Riders.mp3
/media/SSD/music/spotify/datawave/Baldocaster - Riders.mp3
/media/SSD/music/spotify/datawave/Baldocaster - Riders.mp3
/media/SSD/music/spotify/datawave/Baldocaster - Riders.mp3
/media/SSD/music/spotify/datawave/Baldocaster - Riders.mp3
/media/SSD/music/spotify/datawave/Clyde Shelton - 2766.mp3
/media/SSD/music/spotify/datawave/Clyde Shelton - 2766.mp3
/media/SSD/music/spotify/datawave/Clyde Shelton - 2766.mp3
/media/SSD/music/spotify/datawave/Clyde Shelton - 2766.mp3
/media/SSD/music/spotify/datawave/Clyde Shelton - 2766.mp3
/media/SSD/music/spotify/datawave/Clyde Shelton - 2766.mp3
/media/SSD/music/spotify/datawave/Clyde Shelton - 2766.mp3
/media/SSD/music/spotify/datawave/Clyde Shelton - Autohappy.mp3
/media/SSD/music/spotify/datawave/Clyde Shelton - Autohappy.mp3
/media/SSD/music/spotify/datawave/Clyde Shelton - Autohappy.mp3
/media/SSD/music/spotify/datawave/Clyde Shelton - Autohappy.mp3
/media/SSD/music/spotify/datawave/Clyde Shelton - Autohappy.mp3
/media/SSD/music/spotify/datawave/Clyde Shelton - Autohappy.mp3
/media/SSD/music/spotify/datawave/Clyde Shelton - Autohappy.mp3
/media/SSD/music/spotify/datawave/Clyde Shelton - Earthwalker.mp3
/media/SSD/music/spotify/datawave/Clyde Shelton - Earthwalker.mp3
/media/SSD/music/spotify/datawave/Clyde Shelton - Earthwalker.mp3
/media/SSD/music/spotify/datawave/Clyde Shelton - Earthwalker.mp3
/media/SSD/music/spotify/datawave/Clyde Shelton - Earthwalker.mp3
/media/SSD/music/spotify/datawave/Clyde Shelton - Earthwalker.mp3
/media/SSD/music/spotify/datawave/Clyde Shelton - Earthwalker.mp3
/media/SSD/music/spotify/datawave/Clyde Shelton - Ilium.mp3
/media/SSD/music/spotify/datawave/Clyde Shelton - Ilium.mp3
/media/SSD/music/spotify/datawave/Clyde Shelton - Ilium.mp3
/media/SSD/music/spotify/datawave/Clyde Shelton - Ilium.mp3
/media/SSD/music/spotify/datawave/Clyde Shelton - Ilium.mp3
/media/SSD/music/spotify/datawave/Clyde Shelton - Ilium.mp3
/media/SSD/music/spotify/datawave/Clyde Shelton - Ilium.mp3
/media/SSD/music/spotify/datawave/Clyde Shelton - Obscurity.mp3
/media/SSD/music/spotify/datawave/Clyde Shelton - Obscurity.mp3
/media/SSD/music/spotify/datawave/Clyde Shelton - Obscurity.mp3
/media/SSD/music/spotify/datawave/Clyde Shelton - Obscurity.mp3
/media/SSD/music/spotify/datawave/Clyde Shelton - Obscurity.mp3
/media/SSD/music/spotify/datawave/Clyde Shelton - Obscurity.mp3
/media/SSD/music/spotify/datawave/Clyde Shelton - Obscurity.mp3
/media/SSD/music/spotify/datawave/Clyde Shelton - Phages.mp3
/media/SSD/music/spotify/datawave/Clyde Shelton - Phages.mp3
/media/SSD/music/spotify/datawave/Clyde Shelton - Phages.mp3
/media/SSD/music/spotify/datawave/Clyde Shelton - Phages.mp3
/media/SSD/music/spotify/datawave/Clyde Shelton - Phages.mp3
/media/SSD/music/spotify/datawave/Clyde Shelton - Phages.mp3
/media/SSD/music/spotify/datawave/Clyde Shelton - Phages.mp3
/media/SSD/music/spotify/datawave/Clyde Shelton - Undo.mp3
/media/SSD/music/spotify/datawave/Clyde Shelton - Undo.mp3
/media/SSD/music/spotify/datawave/Clyde Shelton - Undo.mp3
/media/SSD/music/spotify/datawave/Clyde Shelton - Undo.mp3
/media/SSD/music/spotify/datawave/Clyde Shelton - Undo.mp3
/media/SSD/music/spotify/datawave/Clyde Shelton - Undo.mp3
/media/SSD/music/spotify/datawave/Clyde Shelton - Undo.mp3
/media/SSD/music/spotify/datawave/Clyde Shelton - Untouchable.mp3
/media/SSD/music/spotify/datawave/Clyde Shelton - Untouchable.mp3
/media/SSD/music/spotify/datawave/Clyde Shelton - Untouchable.mp3
/media/SSD/music/spotify/datawave/Clyde Shelton - Untouchable.mp3
/media/SSD/music/spotify/datawave/Clyde Shelton - Untouchable.mp3
/media/SSD/music/spotify/datawave/Clyde Shelton - Untouchable.mp3
/media/SSD/music/spotify/datawave/Clyde Shelton - Untouchable.mp3
/media/SSD/music/spotify/datawave/Com Truise - I Dream (for You).mp3
/media/SSD/music/spotify/datawave/Com Truise - I Dream (for You).mp3
/media/SSD/music/spotify/datawave/Com Truise - I Dream (for You).mp3
/media/SSD/music/spotify/datawave/Com Truise - I Dream (for You).mp3
/media/SSD/music/spotify/datawave/Com Truise - I Dream (for You).mp3
/media/SSD/music/spotify/datawave/Com Truise - I Dream (for You).mp3
/media/SSD/music/spotify/datawave/Com Truise - I Dream (for You).mp3
/media/SSD/music/spotify/datawave/Com Truise - She melts.mp3
/media/SSD/music/spotify/datawave/Com Truise - She melts.mp3
/media/SSD/music/spotify/datawave/Com Truise - She melts.mp3
/media/SSD/music/spotify/datawave/Com Truise - She melts.mp3
/media/SSD/music/spotify/datawave/Com Truise - She melts.mp3
/media/SSD/music/spotify/datawave/Com Truise - She melts.mp3
/media/SSD/music/spotify/datawave/Com Truise - She melts.mp3
/media/SSD/music/spotify/datawave/Delimitr - CYCLADES.mp3
/media/SSD/music/spotify/datawave/Delimitr - CYCLADES.mp3
/media/SSD/music/spotify/datawave/Delimitr - CYCLADES.mp3
/media/SSD/music/spotify/datawave/Delimitr - CYCLADES.mp3
/media/SSD/music/spotify/datawave/Delimitr - CYCLADES.mp3
/media/SSD/music/spotify/datawave/Delimitr - CYCLADES.mp3
/media/SSD/music/spotify/datawave/Delimitr - CYCLADES.mp3
/media/SSD/music/spotify/datawave/demin - Future Fatigue.mp3
/media/SSD/music/spotify/datawave/demin - Future Fatigue.mp3
/media/SSD/music/spotify/datawave/demin - Future Fatigue.mp3
/media/SSD/music/spotify/datawave/demin - Future Fatigue.mp3
/media/SSD/music/spotify/datawave/demin - Future Fatigue.mp3
/media/SSD/music/spotify/datawave/demin - Future Fatigue.mp3
/media/SSD/music/spotify/datawave/demin - Future Fatigue.mp3
/media/SSD/music/spotify/datawave/demin - Out of Bounds.mp3
/media/SSD/music/spotify/datawave/demin - Out of Bounds.mp3
/media/SSD/music/spotify/datawave/demin - Out of Bounds.mp3
/media/SSD/music/spotify/datawave/demin - Out of Bounds.mp3
/media/SSD/music/spotify/datawave/demin - Out of Bounds.mp3
/media/SSD/music/spotify/datawave/demin - Out of Bounds.mp3
/media/SSD/music/spotify/datawave/demin - Out of Bounds.mp3
/media/SSD/music/spotify/datawave/demin, Clyde Shelton - Meltify - Clyde Shelton Remix.mp3
/media/SSD/music/spotify/datawave/demin, Clyde Shelton - Meltify - Clyde Shelton Remix.mp3
/media/SSD/music/spotify/datawave/demin, Clyde Shelton - Meltify - Clyde Shelton Remix.mp3
/media/SSD/music/spotify/datawave/demin, Clyde Shelton - Meltify - Clyde Shelton Remix.mp3
/media/SSD/music/spotify/datawave/demin, Clyde Shelton - Meltify - Clyde Shelton Remix.mp3
/media/SSD/music/spotify/datawave/demin, Clyde Shelton - Meltify - Clyde Shelton Remix.mp3
/media/SSD/music/spotify/datawave/demin, Clyde Shelton - Meltify - Clyde Shelton Remix.mp3
/media/SSD/music/spotify/datawave/demin, Sferro - Meltify - Sferro Remix.mp3
/media/SSD/music/spotify/datawave/demin, Sferro - Meltify - Sferro Remix.mp3
/media/SSD/music/spotify/datawave/demin, Sferro - Meltify - Sferro Remix.mp3
/media/SSD/music/spotify/datawave/demin, Sferro - Meltify - Sferro Remix.mp3
/media/SSD/music/spotify/datawave/demin, Sferro - Meltify - Sferro Remix.mp3
/media/SSD/music/spotify/datawave/demin, Sferro - Meltify - Sferro Remix.mp3
/media/SSD/music/spotify/datawave/demin, Sferro - Meltify - Sferro Remix.mp3
/media/SSD/music/spotify/datawave/Florida Skyline - Anesthesia.mp3
/media/SSD/music/spotify/datawave/Florida Skyline - Anesthesia.mp3
/media/SSD/music/spotify/datawave/Florida Skyline - Anesthesia.mp3
/media/SSD/music/spotify/datawave/Florida Skyline - Anesthesia.mp3
/media/SSD/music/spotify/datawave/Florida Skyline - Anesthesia.mp3
/media/SSD/music/spotify/datawave/Florida Skyline - Anesthesia.mp3
/media/SSD/music/spotify/datawave/Florida Skyline - Anesthesia.mp3
/media/SSD/music/spotify/datawave/Florida Skyline - An_03.mp3
/media/SSD/music/spotify/datawave/Florida Skyline - An_03.mp3
/media/SSD/music/spotify/datawave/Florida Skyline - An_03.mp3
/media/SSD/music/spotify/datawave/Florida Skyline - An_03.mp3
/media/SSD/music/spotify/datawave/Florida Skyline - An_03.mp3
/media/SSD/music/spotify/datawave/Florida Skyline - An_03.mp3
/media/SSD/music/spotify/datawave/Florida Skyline - An_03.mp3
/media/SSD/music/spotify/datawave/Key Puncher - Eclipse.mp3
/media/SSD/music/spotify/datawave/Key Puncher - Eclipse.mp3
/media/SSD/music/spotify/datawave/Key Puncher - Eclipse.mp3
/media/SSD/music/spotify/datawave/Key Puncher - Eclipse.mp3
/media/SSD/music/spotify/datawave/Key Puncher - Eclipse.mp3
/media/SSD/music/spotify/datawave/Key Puncher - Eclipse.mp3
/media/SSD/music/spotify/datawave/Key Puncher - Eclipse.mp3
/media/SSD/music/spotify/datawave/Korizon - Floppy Risk.mp3
/media/SSD/music/spotify/datawave/Korizon - Floppy Risk.mp3
/media/SSD/music/spotify/datawave/Korizon - Floppy Risk.mp3
/media/SSD/music/spotify/datawave/Korizon - Floppy Risk.mp3
/media/SSD/music/spotify/datawave/Korizon - Floppy Risk.mp3
/media/SSD/music/spotify/datawave/Korizon - Floppy Risk.mp3
/media/SSD/music/spotify/datawave/Korizon - Floppy Risk.mp3
/media/SSD/music/spotify/datawave/Korizon - Holonomy.mp3
/media/SSD/music/spotify/datawave/Korizon - Holonomy.mp3
/media/SSD/music/spotify/datawave/Korizon - Holonomy.mp3
/media/SSD/music/spotify/datawave/Korizon - Holonomy.mp3
/media/SSD/music/spotify/datawave/Korizon - Holonomy.mp3
/media/SSD/music/spotify/datawave/Korizon - Holonomy.mp3
/media/SSD/music/spotify/datawave/Korizon - Holonomy.mp3
/media/SSD/music/spotify/datawave/Korizon - Shortwav.mp3
/media/SSD/music/spotify/datawave/Korizon - Shortwav.mp3
/media/SSD/music/spotify/datawave/Korizon - Shortwav.mp3
/media/SSD/music/spotify/datawave/Korizon - Shortwav.mp3
/media/SSD/music/spotify/datawave/Korizon - Shortwav.mp3
/media/SSD/music/spotify/datawave/Korizon - Shortwav.mp3
/media/SSD/music/spotify/datawave/Korizon - Shortwav.mp3
/media/SSD/music/spotify/datawave/Korizon - Static Flow.mp3
/media/SSD/music/spotify/datawave/Korizon - Static Flow.mp3
/media/SSD/music/spotify/datawave/Korizon - Static Flow.mp3
/media/SSD/music/spotify/datawave/Korizon - Static Flow.mp3
/media/SSD/music/spotify/datawave/Korizon - Static Flow.mp3
/media/SSD/music/spotify/datawave/Korizon - Static Flow.mp3
/media/SSD/music/spotify/datawave/Korizon - Static Flow.mp3
/media/SSD/music/spotify/datawave/Midnightout - Futurepast.mp3
/media/SSD/music/spotify/datawave/Midnightout - Futurepast.mp3
/media/SSD/music/spotify/datawave/Midnightout - Futurepast.mp3
/media/SSD/music/spotify/datawave/Midnightout - Futurepast.mp3
/media/SSD/music/spotify/datawave/Midnightout - Futurepast.mp3
/media/SSD/music/spotify/datawave/Midnightout - Futurepast.mp3
/media/SSD/music/spotify/datawave/Midnightout - Futurepast.mp3
/media/SSD/music/spotify/datawave/Minemice - 1982.mp3
/media/SSD/music/spotify/datawave/Minemice - 1982.mp3
/media/SSD/music/spotify/datawave/Minemice - 1982.mp3
/media/SSD/music/spotify/datawave/Minemice - 1982.mp3
/media/SSD/music/spotify/datawave/Minemice - 1982.mp3
/media/SSD/music/spotify/datawave/Minemice - 1982.mp3
/media/SSD/music/spotify/datawave/Minemice - 1982.mp3
/media/SSD/music/spotify/datawave/Minemice - Final Search.mp3
/media/SSD/music/spotify/datawave/Minemice - Final Search.mp3
/media/SSD/music/spotify/datawave/Minemice - Final Search.mp3
/media/SSD/music/spotify/datawave/Minemice - Final Search.mp3
/media/SSD/music/spotify/datawave/Minemice - Final Search.mp3
/media/SSD/music/spotify/datawave/Minemice - Final Search.mp3
/media/SSD/music/spotify/datawave/Minemice - Final Search.mp3
/media/SSD/music/spotify/datawave/Minemice - Hallway.mp3
/media/SSD/music/spotify/datawave/Minemice - Hallway.mp3
/media/SSD/music/spotify/datawave/Minemice - Hallway.mp3
/media/SSD/music/spotify/datawave/Minemice - Hallway.mp3
/media/SSD/music/spotify/datawave/Minemice - Hallway.mp3
/media/SSD/music/spotify/datawave/Minemice - Hallway.mp3
/media/SSD/music/spotify/datawave/Minemice - Hallway.mp3
/media/SSD/music/spotify/datawave/Minemice - Suite 2.mp3
/media/SSD/music/spotify/datawave/Minemice - Suite 2.mp3
/media/SSD/music/spotify/datawave/Minemice - Suite 2.mp3
/media/SSD/music/spotify/datawave/Minemice - Suite 2.mp3
/media/SSD/music/spotify/datawave/Minemice - Suite 2.mp3
/media/SSD/music/spotify/datawave/Minemice - Suite 2.mp3
/media/SSD/music/spotify/datawave/Minemice - Suite 2.mp3
/media/SSD/music/spotify/datawave/Moter - Rachel.mp3
/media/SSD/music/spotify/datawave/Moter - Rachel.mp3
/media/SSD/music/spotify/datawave/Moter - Rachel.mp3
/media/SSD/music/spotify/datawave/Moter - Rachel.mp3
/media/SSD/music/spotify/datawave/Moter - Rachel.mp3
/media/SSD/music/spotify/datawave/Moter - Rachel.mp3
/media/SSD/music/spotify/datawave/Moter - Rachel.mp3
/media/SSD/music/spotify/datawave/Moter - Snowburn.mp3
/media/SSD/music/spotify/datawave/Moter - Snowburn.mp3
/media/SSD/music/spotify/datawave/Moter - Snowburn.mp3
/media/SSD/music/spotify/datawave/Moter - Snowburn.mp3
/media/SSD/music/spotify/datawave/Moter - Snowburn.mp3
/media/SSD/music/spotify/datawave/Moter - Snowburn.mp3
/media/SSD/music/spotify/datawave/Moter - Snowburn.mp3
/media/SSD/music/spotify/datawave/Phonogeist - Tidals.mp3
/media/SSD/music/spotify/datawave/Phonogeist - Tidals.mp3
/media/SSD/music/spotify/datawave/Phonogeist - Tidals.mp3
/media/SSD/music/spotify/datawave/Phonogeist - Tidals.mp3
/media/SSD/music/spotify/datawave/Phonogeist - Tidals.mp3
/media/SSD/music/spotify/datawave/Phonogeist - Tidals.mp3
/media/SSD/music/spotify/datawave/Phonogeist - Tidals.mp3
/media/SSD/music/spotify/datawave/Pink Blazer - Candy Land Car Crash.mp3
/media/SSD/music/spotify/datawave/Pink Blazer - Candy Land Car Crash.mp3
/media/SSD/music/spotify/datawave/Pink Blazer - Candy Land Car Crash.mp3
/media/SSD/music/spotify/datawave/Pink Blazer - Candy Land Car Crash.mp3
/media/SSD/music/spotify/datawave/Pink Blazer - Candy Land Car Crash.mp3
/media/SSD/music/spotify/datawave/Pink Blazer - Candy Land Car Crash.mp3
/media/SSD/music/spotify/datawave/Pink Blazer - Candy Land Car Crash.mp3
/media/SSD/music/spotify/datawave/Psilovangton - Origin.mp3
/media/SSD/music/spotify/datawave/Psilovangton - Origin.mp3
/media/SSD/music/spotify/datawave/Psilovangton - Origin.mp3
/media/SSD/music/spotify/datawave/Psilovangton - Origin.mp3
/media/SSD/music/spotify/datawave/Psilovangton - Origin.mp3
/media/SSD/music/spotify/datawave/Psilovangton - Origin.mp3
/media/SSD/music/spotify/datawave/Psilovangton - Origin.mp3
/media/SSD/music/spotify/datawave/Psilovangton - Quadruple Exposure.mp3
/media/SSD/music/spotify/datawave/Psilovangton - Quadruple Exposure.mp3
/media/SSD/music/spotify/datawave/Psilovangton - Quadruple Exposure.mp3
/media/SSD/music/spotify/datawave/Psilovangton - Quadruple Exposure.mp3
/media/SSD/music/spotify/datawave/Psilovangton - Quadruple Exposure.mp3
/media/SSD/music/spotify/datawave/Psilovangton - Quadruple Exposure.mp3
/media/SSD/music/spotify/datawave/Psilovangton - Quadruple Exposure.mp3
/media/SSD/music/spotify/datawave/Psilovangton - Reality Resolution.mp3
/media/SSD/music/spotify/datawave/Psilovangton - Reality Resolution.mp3
/media/SSD/music/spotify/datawave/Psilovangton - Reality Resolution.mp3
/media/SSD/music/spotify/datawave/Psilovangton - Reality Resolution.mp3
/media/SSD/music/spotify/datawave/Psilovangton - Reality Resolution.mp3
/media/SSD/music/spotify/datawave/Psilovangton - Reality Resolution.mp3
/media/SSD/music/spotify/datawave/Psilovangton - Reality Resolution.mp3
/media/SSD/music/spotify/datawave/Sferro - Bomberlude.mp3
/media/SSD/music/spotify/datawave/Sferro - Bomberlude.mp3
/media/SSD/music/spotify/datawave/Sferro - Bomberlude.mp3
/media/SSD/music/spotify/datawave/Sferro - Bomberlude.mp3
/media/SSD/music/spotify/datawave/Sferro - Bomberlude.mp3
/media/SSD/music/spotify/datawave/Sferro - Bomberlude.mp3
/media/SSD/music/spotify/datawave/Sferro - Bomberlude.mp3
/media/SSD/music/spotify/datawave/SPHERES - Galactic Funk.mp3
/media/SSD/music/spotify/datawave/SPHERES - Galactic Funk.mp3
/media/SSD/music/spotify/datawave/SPHERES - Galactic Funk.mp3
/media/SSD/music/spotify/datawave/SPHERES - Galactic Funk.mp3
/media/SSD/music/spotify/datawave/SPHERES - Galactic Funk.mp3
/media/SSD/music/spotify/datawave/SPHERES - Galactic Funk.mp3
/media/SSD/music/spotify/datawave/SPHERES - Galactic Funk.mp3
/media/SSD/music/spotify/datawave/Synchropoly - Circuit-lined Soul.mp3
/media/SSD/music/spotify/datawave/Synchropoly - Circuit-lined Soul.mp3
/media/SSD/music/spotify/datawave/Synchropoly - Circuit-lined Soul.mp3
/media/SSD/music/spotify/datawave/Synchropoly - Circuit-lined Soul.mp3
/media/SSD/music/spotify/datawave/Synchropoly - Circuit-lined Soul.mp3
/media/SSD/music/spotify/datawave/Synchropoly - Circuit-lined Soul.mp3
/media/SSD/music/spotify/datawave/Synchropoly - Circuit-lined Soul.mp3
/media/SSD/music/spotify/datawave/Synchropoly - Compact Disco.mp3
/media/SSD/music/spotify/datawave/Synchropoly - Compact Disco.mp3
/media/SSD/music/spotify/datawave/Synchropoly - Compact Disco.mp3
/media/SSD/music/spotify/datawave/Synchropoly - Compact Disco.mp3
/media/SSD/music/spotify/datawave/Synchropoly - Compact Disco.mp3
/media/SSD/music/spotify/datawave/Synchropoly - Compact Disco.mp3
/media/SSD/music/spotify/datawave/Synchropoly - Compact Disco.mp3
/media/SSD/music/spotify/datawave/Synchropoly - Designer Pollution.mp3
/media/SSD/music/spotify/datawave/Synchropoly - Designer Pollution.mp3
/media/SSD/music/spotify/datawave/Synchropoly - Designer Pollution.mp3
/media/SSD/music/spotify/datawave/Synchropoly - Designer Pollution.mp3
/media/SSD/music/spotify/datawave/Synchropoly - Designer Pollution.mp3
/media/SSD/music/spotify/datawave/Synchropoly - Designer Pollution.mp3
/media/SSD/music/spotify/datawave/Synchropoly - Designer Pollution.mp3
/media/SSD/music/spotify/datawave/Synchropoly - Komputer Music.mp3
/media/SSD/music/spotify/datawave/Synchropoly - Komputer Music.mp3
/media/SSD/music/spotify/datawave/Synchropoly - Komputer Music.mp3
/media/SSD/music/spotify/datawave/Synchropoly - Komputer Music.mp3
/media/SSD/music/spotify/datawave/Synchropoly - Komputer Music.mp3
/media/SSD/music/spotify/datawave/Synchropoly - Komputer Music.mp3
/media/SSD/music/spotify/datawave/Synchropoly - Komputer Music.mp3
/media/SSD/music/spotify/datawave/Synchropoly - Stiction.mp3
/media/SSD/music/spotify/datawave/Synchropoly - Stiction.mp3
/media/SSD/music/spotify/datawave/Synchropoly - Stiction.mp3
/media/SSD/music/spotify/datawave/Synchropoly - Stiction.mp3
/media/SSD/music/spotify/datawave/Synchropoly - Stiction.mp3
/media/SSD/music/spotify/datawave/Synchropoly - Stiction.mp3
/media/SSD/music/spotify/datawave/Synchropoly - Stiction.mp3
/media/SSD/music/spotify/datawave/Synchropoly - Vector Hearts.mp3
/media/SSD/music/spotify/datawave/Synchropoly - Vector Hearts.mp3
/media/SSD/music/spotify/datawave/Synchropoly - Vector Hearts.mp3
/media/SSD/music/spotify/datawave/Synchropoly - Vector Hearts.mp3
/media/SSD/music/spotify/datawave/Synchropoly - Vector Hearts.mp3
/media/SSD/music/spotify/datawave/Synchropoly - Vector Hearts.mp3
/media/SSD/music/spotify/datawave/Synchropoly - Vector Hearts.mp3
/media/SSD/music/spotify/datawave/Time Strider - Encrypted.mp3
/media/SSD/music/spotify/datawave/Time Strider - Encrypted.mp3
/media/SSD/music/spotify/datawave/Time Strider - Encrypted.mp3
/media/SSD/music/spotify/datawave/Time Strider - Encrypted.mp3
/media/SSD/music/spotify/datawave/Time Strider - Encrypted.mp3
/media/SSD/music/spotify/datawave/Time Strider - Encrypted.mp3
/media/SSD/music/spotify/datawave/Time Strider - Encrypted.mp3
/media/SSD/music/spotify/datawave/ZAYAZ - Horizon96.mp3
/media/SSD/music/spotify/datawave/ZAYAZ - Horizon96.mp3
/media/SSD/music/spotify/datawave/ZAYAZ - Horizon96.mp3
/media/SSD/music/spotify/datawave/ZAYAZ - Horizon96.mp3
/media/SSD/music/spotify/datawave/ZAYAZ - Horizon96.mp3
/media/SSD/music/spotify/datawave/ZAYAZ - Horizon96.mp3
/media/SSD/music/spotify/datawave/ZAYAZ - Horizon96.mp3
/media/SSD/music/spotify/datawave/ZAYAZ - Simulation.mp3
/media/SSD/music/spotify/datawave/ZAYAZ - Simulation.mp3
/media/SSD/music/spotify/datawave/ZAYAZ - Simulation.mp3
/media/SSD/music/spotify/datawave/ZAYAZ - Simulation.mp3
/media/SSD/music/spotify/datawave/ZAYAZ - Simulation.mp3
/media/SSD/music/spotify/datawave/ZAYAZ - Simulation.mp3
/media/SSD/music/spotify/datawave/ZAYAZ - Simulation.mp3
